<?xml version="1.0" encoding="UTF-8" ?>
<testsuite tests="2" failures="0" name="ru.qascooter.praktikumservices.OrderTest" time="10.929" errors="0" skipped="0">
  <properties>
    <property name="java.runtime.name" value="OpenJDK Runtime Environment"/>
    <property name="java.vm.version" value="11.0.14.1+10-LTS"/>
    <property name="sun.boot.library.path" value="C:\Program Files\Amazon Corretto\jdk11.0.14_10\bin"/>
    <property name="maven.multiModuleProjectDirectory" value="C:/Users/nelya/ScooterTest"/>
    <property name="java.vm.vendor" value="Amazon.com Inc."/>
    <property name="java.vendor.url" value="https://aws.amazon.com/corretto/"/>
    <property name="guice.disable.misplaced.annotation.check" value="true"/>
    <property name="path.separator" value=";"/>
    <property name="java.vm.name" value="OpenJDK 64-Bit Server VM"/>
    <property name="sun.os.patch.level" value=""/>
    <property name="user.script" value=""/>
    <property name="user.country" value="RU"/>
    <property name="sun.java.launcher" value="SUN_STANDARD"/>
    <property name="java.vm.specification.name" value="Java Virtual Machine Specification"/>
    <property name="user.dir" value="C:\Users\nelya\ScooterTest"/>
    <property name="java.vm.compressedOopsMode" value="32-bit"/>
    <property name="java.runtime.version" value="11.0.14.1+10-LTS"/>
    <property name="java.awt.graphicsenv" value="sun.awt.Win32GraphicsEnvironment"/>
    <property name="os.arch" value="amd64"/>
    <property name="java.io.tmpdir" value="C:\Users\nelya\AppData\Local\Temp\"/>
    <property name="line.separator" value="
"/>
    <property name="java.vm.specification.vendor" value="Oracle Corporation"/>
    <property name="user.variant" value=""/>
    <property name="os.name" value="Windows 10"/>
    <property name="classworlds.conf" value="C:/Users/nelya/Downloads/apache-maven-3.8.4-bin/apache-maven-3.8.4/bin/m2.conf"/>
    <property name="sun.jnu.encoding" value="Cp1251"/>
    <property name="java.library.path" value="C:\Program Files\Amazon Corretto\jdk11.0.14_10\bin;C:\WINDOWS\Sun\Java\bin;C:\WINDOWS\system32;C:\WINDOWS;C:\Program Files\Git\mingw64\bin;C:\Program Files\Git\usr\bin;C:\Users\nelya\bin;C:\Program Files\Amazon Corretto\jdk11.0.14_10\bin;C:\Users\nelya\Downloads\apache-maven-3.8.4-bin\apache-maven-3.8.4;C:\Users\nelya\WebDriver\bin;C:\Users\nelya\AppData\Roaming\Microsoft\Windows\Start Menu\Programs\Windows PowerShell;C:\Users\nelya\AppData\Local\Programs\Python\Python39\Scripts;C:\Users\nelya\AppData\Local\Programs\Python\Python39;C:\Users\nelya\AppData\Local\Microsoft\WindowsApps;C:\Users\nelya\AppData\Local\Programs\Microsoft VS Code\bin;C:\Users\nelya\.dotnet\tools;C:\Users\nelya\AppData\Roaming\npm;C:\Users\nelya\AppData\Local\Microsoft\WindowsApps;C:\Users\nelya\AppData\Local\Programs\Fiddler;C:\Users\nelya\Downloads\apache-maven-3.8.4-bin\apache-maven-3.8.4\bin;."/>
    <property name="maven.conf" value="C:/Users/nelya/Downloads/apache-maven-3.8.4-bin/apache-maven-3.8.4/conf"/>
    <property name="jdk.debug" value="release"/>
    <property name="java.class.version" value="55.0"/>
    <property name="java.specification.name" value="Java Platform API Specification"/>
    <property name="sun.management.compiler" value="HotSpot 64-Bit Tiered Compilers"/>
    <property name="os.version" value="10.0"/>
    <property name="library.jansi.path" value="C:/Users/nelya/Downloads/apache-maven-3.8.4-bin/apache-maven-3.8.4/lib/jansi-native"/>
    <property name="user.home" value="C:\Users\nelya"/>
    <property name="user.timezone" value="Asia/Yekaterinburg"/>
    <property name="java.awt.printerjob" value="sun.awt.windows.WPrinterJob"/>
    <property name="file.encoding" value="Cp1251"/>
    <property name="java.specification.version" value="11"/>
    <property name="user.name" value="nelya"/>
    <property name="java.class.path" value="C:/Users/nelya/Downloads/apache-maven-3.8.4-bin/apache-maven-3.8.4/boot/plexus-classworlds-2.6.0.jar"/>
    <property name="java.vm.specification.version" value="11"/>
    <property name="sun.arch.data.model" value="64"/>
    <property name="sun.java.command" value="org.codehaus.plexus.classworlds.launcher.Launcher verify"/>
    <property name="java.home" value="C:\Program Files\Amazon Corretto\jdk11.0.14_10"/>
    <property name="user.language" value="ru"/>
    <property name="java.specification.vendor" value="Oracle Corporation"/>
    <property name="awt.toolkit" value="sun.awt.windows.WToolkit"/>
    <property name="java.vm.info" value="mixed mode"/>
    <property name="java.version" value="11.0.14.1"/>
    <property name="java.vendor" value="Amazon.com Inc."/>
    <property name="sun.stderr.encoding" value="cp866"/>
    <property name="maven.home" value="C:\Users\nelya\Downloads\apache-maven-3.8.4-bin\apache-maven-3.8.4"/>
    <property name="file.separator" value="\"/>
    <property name="java.version.date" value="2022-02-08"/>
    <property name="java.vendor.url.bug" value="https://github.com/corretto/corretto-11/issues/"/>
    <property name="sun.io.unicode.encoding" value="UnicodeLittle"/>
    <property name="sun.cpu.endian" value="little"/>
    <property name="java.vendor.version" value="Corretto-11.0.14.10.1"/>
    <property name="sun.stdout.encoding" value="cp866"/>
    <property name="sun.desktop" value="windows"/>
    <property name="sun.cpu.isalist" value="amd64"/>
  </properties>
  <testcase classname="ru.qascooter.praktikumservices.OrderTest" name="checkout2" time="8.476"/>
  <testcase classname="ru.qascooter.praktikumservices.OrderTest" name="checkout" time="2.453"/>
</testsuite>